-------------------------------------------------------------------------------
Test set: com.authorizationservice.utils.JWTUtilTests
-------------------------------------------------------------------------------
Tests run: 1, Failures: 0, Errors: 1, Skipped: 0, Time elapsed: 0.017 s <<< FAILURE! - in com.authorizationservice.utils.JWTUtilTests
com.authorizationservice.utils.JWTUtilTests  Time elapsed: 0.017 s  <<< ERROR!
java.lang.IllegalStateException: Unable to find a @SpringBootConfiguration, you need to use @ContextConfiguration or @SpringBootTest(classes=...) with your test

